2024-11-26T01:13:26.160848Z 0 [System] [MY-015015] [Server] MySQL Server - start.
2024-11-26T01:13:26.960691Z 0 [System] [MY-010116] [Server] /usr/sbin/mysqld (mysqld 9.1.0) starting as process 1
2024-11-26T01:13:27.003569Z 1 [System] [MY-013576] [InnoDB] InnoDB initialization has started.
2024-11-26T01:13:27.840936Z 1 [System] [MY-013577] [InnoDB] InnoDB initialization has ended.
2024-11-26T01:13:28.439737Z 0 [Warning] [MY-010068] [Server] CA certificate ca.pem is self signed.
2024-11-26T01:13:28.440520Z 0 [System] [MY-013602] [Server] Channel mysql_main configured to support TLS. Encrypted connections are now supported for this channel.
2024-11-26T01:13:28.448106Z 0 [Warning] [MY-011810] [Server] Insecure configuration for --pid-file: Location '/var/run/mysqld' in the path is accessible to all OS users. Consider choosing a different directory.
2024-11-26T01:13:28.542379Z 0 [System] [MY-011323] [Server] X Plugin ready for connections. Bind-address: '::' port: 33060, socket: /var/run/mysqld/mysqlx.sock
2024-11-26T01:13:28.542538Z 0 [System] [MY-010931] [Server] /usr/sbin/mysqld: ready for connections. Version: '9.1.0'  socket: '/var/run/mysqld/mysqld.sock'  port: 3306  MySQL Community Server - GPL.
2024-11-26T01:13:37.172454Z 0 [System] [MY-015015] [Server] MySQL Server - start.
2024-11-26T01:13:37.382987Z 0 [System] [MY-010116] [Server] /usr/sbin/mysqld (mysqld 9.1.0) starting as process 1
2024-11-26T01:13:37.394075Z 1 [System] [MY-013576] [InnoDB] InnoDB initialization has started.
2024-11-26T01:13:38.196225Z 1 [System] [MY-013577] [InnoDB] InnoDB initialization has ended.
2024-11-26T01:13:38.468826Z 0 [System] [MY-010229] [Server] Starting XA crash recovery...
2024-11-26T01:13:38.487906Z 0 [System] [MY-010232] [Server] XA crash recovery finished.
2024-11-26T01:13:38.577290Z 0 [Warning] [MY-010068] [Server] CA certificate ca.pem is self signed.
2024-11-26T01:13:38.577666Z 0 [System] [MY-013602] [Server] Channel mysql_main configured to support TLS. Encrypted connections are now supported for this channel.
2024-11-26T01:13:38.581818Z 0 [Warning] [MY-011810] [Server] Insecure configuration for --pid-file: Location '/var/run/mysqld' in the path is accessible to all OS users. Consider choosing a different directory.
2024-11-26T01:13:38.643523Z 0 [System] [MY-011323] [Server] X Plugin ready for connections. Bind-address: '::' port: 33060, socket: /var/run/mysqld/mysqlx.sock
2024-11-26T01:13:38.643965Z 0 [System] [MY-010931] [Server] /usr/sbin/mysqld: ready for connections. Version: '9.1.0'  socket: '/var/run/mysqld/mysqld.sock'  port: 3306  MySQL Community Server - GPL.
2024-11-26T01:13:56.530106Z 0 [System] [MY-013172] [Server] Received SHUTDOWN from user <via user signal>. Shutting down mysqld (Version: 9.1.0).
2024-11-26T01:13:58.062309Z 0 [System] [MY-010910] [Server] /usr/sbin/mysqld: Shutdown complete (mysqld 9.1.0)  MySQL Community Server - GPL.
2024-11-26T01:13:58.062772Z 0 [System] [MY-015016] [Server] MySQL Server - end.
2024-11-26T01:17:13.129914Z 0 [System] [MY-015015] [Server] MySQL Server - start.
2024-11-26T01:17:13.348964Z 0 [System] [MY-010116] [Server] /usr/sbin/mysqld (mysqld 9.1.0) starting as process 1
2024-11-26T01:17:13.360315Z 1 [System] [MY-013576] [InnoDB] InnoDB initialization has started.
2024-11-26T01:17:13.878084Z 1 [System] [MY-013577] [InnoDB] InnoDB initialization has ended.
2024-11-26T01:17:14.347762Z 0 [Warning] [MY-010068] [Server] CA certificate ca.pem is self signed.
2024-11-26T01:17:14.348310Z 0 [System] [MY-013602] [Server] Channel mysql_main configured to support TLS. Encrypted connections are now supported for this channel.
2024-11-26T01:17:14.352756Z 0 [Warning] [MY-011810] [Server] Insecure configuration for --pid-file: Location '/var/run/mysqld' in the path is accessible to all OS users. Consider choosing a different directory.
2024-11-26T01:17:14.434533Z 0 [System] [MY-010931] [Server] /usr/sbin/mysqld: ready for connections. Version: '9.1.0'  socket: '/var/run/mysqld/mysqld.sock'  port: 3306  MySQL Community Server - GPL.
2024-11-26T01:17:14.434689Z 0 [System] [MY-011323] [Server] X Plugin ready for connections. Bind-address: '::' port: 33060, socket: /var/run/mysqld/mysqlx.sock
2024-11-26T01:55:56.212240Z 0 [System] [MY-013172] [Server] Received SHUTDOWN from user <via user signal>. Shutting down mysqld (Version: 9.1.0).
2024-11-26T01:55:57.513540Z 0 [System] [MY-010910] [Server] /usr/sbin/mysqld: Shutdown complete (mysqld 9.1.0)  MySQL Community Server - GPL.
2024-11-26T01:55:57.514265Z 0 [System] [MY-015016] [Server] MySQL Server - end.
2024-11-26T03:16:52.192606Z 0 [System] [MY-015015] [Server] MySQL Server - start.
2024-11-26T03:16:52.968922Z 0 [System] [MY-010116] [Server] /usr/sbin/mysqld (mysqld 9.1.0) starting as process 1
2024-11-26T03:16:53.005193Z 1 [System] [MY-013576] [InnoDB] InnoDB initialization has started.
2024-11-26T03:16:53.719722Z 1 [System] [MY-013577] [InnoDB] InnoDB initialization has ended.
2024-11-26T03:16:54.270263Z 0 [Warning] [MY-010068] [Server] CA certificate ca.pem is self signed.
2024-11-26T03:16:54.271161Z 0 [System] [MY-013602] [Server] Channel mysql_main configured to support TLS. Encrypted connections are now supported for this channel.
2024-11-26T03:16:54.279786Z 0 [Warning] [MY-011810] [Server] Insecure configuration for --pid-file: Location '/var/run/mysqld' in the path is accessible to all OS users. Consider choosing a different directory.
2024-11-26T03:16:54.380210Z 0 [System] [MY-011323] [Server] X Plugin ready for connections. Bind-address: '::' port: 33060, socket: /var/run/mysqld/mysqlx.sock
2024-11-26T03:16:54.385244Z 0 [System] [MY-010931] [Server] /usr/sbin/mysqld: ready for connections. Version: '9.1.0'  socket: '/var/run/mysqld/mysqld.sock'  port: 3306  MySQL Community Server - GPL.
2024-11-26T03:19:35.865254Z 0 [System] [MY-013172] [Server] Received SHUTDOWN from user <via user signal>. Shutting down mysqld (Version: 9.1.0).
2024-11-26T03:19:37.202222Z 0 [System] [MY-010910] [Server] /usr/sbin/mysqld: Shutdown complete (mysqld 9.1.0)  MySQL Community Server - GPL.
2024-11-26T03:19:37.202879Z 0 [System] [MY-015016] [Server] MySQL Server - end.
2024-11-26T07:13:46.612032Z 0 [System] [MY-015015] [Server] MySQL Server - start.
2024-11-26T07:13:47.485535Z 0 [System] [MY-010116] [Server] /usr/sbin/mysqld (mysqld 9.1.0) starting as process 1
2024-11-26T07:13:47.543936Z 1 [System] [MY-013576] [InnoDB] InnoDB initialization has started.
2024-11-26T07:13:48.426086Z 1 [System] [MY-013577] [InnoDB] InnoDB initialization has ended.
2024-11-26T07:13:49.010895Z 0 [Warning] [MY-010068] [Server] CA certificate ca.pem is self signed.
2024-11-26T07:13:49.011416Z 0 [System] [MY-013602] [Server] Channel mysql_main configured to support TLS. Encrypted connections are now supported for this channel.
2024-11-26T07:13:49.016997Z 0 [Warning] [MY-011810] [Server] Insecure configuration for --pid-file: Location '/var/run/mysqld' in the path is accessible to all OS users. Consider choosing a different directory.
2024-11-26T07:13:49.105887Z 0 [System] [MY-011323] [Server] X Plugin ready for connections. Bind-address: '::' port: 33060, socket: /var/run/mysqld/mysqlx.sock
2024-11-26T07:13:49.106215Z 0 [System] [MY-010931] [Server] /usr/sbin/mysqld: ready for connections. Version: '9.1.0'  socket: '/var/run/mysqld/mysqld.sock'  port: 3306  MySQL Community Server - GPL.
2024-11-28T05:11:07.319950Z 0 [System] [MY-013172] [Server] Received SHUTDOWN from user <via user signal>. Shutting down mysqld (Version: 9.1.0).
2024-11-28T05:11:09.567240Z 0 [Warning] [MY-010909] [Server] /usr/sbin/mysqld: Forcing close of thread 72  user: 'root'.
2024-11-28T05:11:09.570125Z 0 [Warning] [MY-010909] [Server] /usr/sbin/mysqld: Forcing close of thread 80  user: 'root'.
2024-11-28T05:11:09.571204Z 0 [Warning] [MY-010909] [Server] /usr/sbin/mysqld: Forcing close of thread 73  user: 'root'.
2024-11-28T05:11:09.572816Z 0 [Warning] [MY-010909] [Server] /usr/sbin/mysqld: Forcing close of thread 74  user: 'root'.
2024-11-28T05:11:09.579389Z 0 [Warning] [MY-010909] [Server] /usr/sbin/mysqld: Forcing close of thread 75  user: 'root'.
2024-11-28T05:11:09.580368Z 0 [Warning] [MY-010909] [Server] /usr/sbin/mysqld: Forcing close of thread 76  user: 'root'.
2024-11-28T05:11:09.582445Z 0 [Warning] [MY-010909] [Server] /usr/sbin/mysqld: Forcing close of thread 77  user: 'root'.
2024-11-28T05:11:09.583409Z 0 [Warning] [MY-010909] [Server] /usr/sbin/mysqld: Forcing close of thread 78  user: 'root'.
2024-11-28T05:11:09.585811Z 0 [Warning] [MY-010909] [Server] /usr/sbin/mysqld: Forcing close of thread 71  user: 'root'.
2024-11-28T05:11:09.587695Z 0 [Warning] [MY-010909] [Server] /usr/sbin/mysqld: Forcing close of thread 79  user: 'root'.
2024-11-28T05:11:12.581951Z 0 [System] [MY-010910] [Server] /usr/sbin/mysqld: Shutdown complete (mysqld 9.1.0)  MySQL Community Server - GPL.
2024-11-28T05:11:12.584312Z 0 [System] [MY-015016] [Server] MySQL Server - end.
2024-11-28T16:12:28.701917Z 0 [System] [MY-015015] [Server] MySQL Server - start.
2024-11-28T16:12:29.765093Z 0 [System] [MY-010116] [Server] /usr/sbin/mysqld (mysqld 9.1.0) starting as process 1
2024-11-28T16:12:29.810859Z 1 [System] [MY-013576] [InnoDB] InnoDB initialization has started.
2024-11-28T16:12:30.614321Z 1 [System] [MY-013577] [InnoDB] InnoDB initialization has ended.
2024-11-28T16:12:31.626516Z 0 [Warning] [MY-010068] [Server] CA certificate ca.pem is self signed.
2024-11-28T16:12:31.627767Z 0 [System] [MY-013602] [Server] Channel mysql_main configured to support TLS. Encrypted connections are now supported for this channel.
2024-11-28T16:12:31.635307Z 0 [Warning] [MY-011810] [Server] Insecure configuration for --pid-file: Location '/var/run/mysqld' in the path is accessible to all OS users. Consider choosing a different directory.
2024-11-28T16:12:31.743984Z 0 [System] [MY-011323] [Server] X Plugin ready for connections. Bind-address: '::' port: 33060, socket: /var/run/mysqld/mysqlx.sock
2024-11-28T16:12:31.744141Z 0 [System] [MY-010931] [Server] /usr/sbin/mysqld: ready for connections. Version: '9.1.0'  socket: '/var/run/mysqld/mysqld.sock'  port: 3306  MySQL Community Server - GPL.
2024-11-28T16:12:40.033816Z 0 [System] [MY-015015] [Server] MySQL Server - start.
2024-11-28T16:12:40.284263Z 0 [System] [MY-010116] [Server] /usr/sbin/mysqld (mysqld 9.1.0) starting as process 1
2024-11-28T16:12:40.299502Z 1 [System] [MY-013576] [InnoDB] InnoDB initialization has started.
2024-11-28T16:12:41.065919Z 1 [System] [MY-013577] [InnoDB] InnoDB initialization has ended.
2024-11-28T16:12:41.373264Z 0 [System] [MY-010229] [Server] Starting XA crash recovery...
2024-11-28T16:12:41.389788Z 0 [System] [MY-010232] [Server] XA crash recovery finished.
2024-11-28T16:12:41.490146Z 0 [Warning] [MY-010068] [Server] CA certificate ca.pem is self signed.
2024-11-28T16:12:41.490860Z 0 [System] [MY-013602] [Server] Channel mysql_main configured to support TLS. Encrypted connections are now supported for this channel.
2024-11-28T16:12:41.495879Z 0 [Warning] [MY-011810] [Server] Insecure configuration for --pid-file: Location '/var/run/mysqld' in the path is accessible to all OS users. Consider choosing a different directory.
2024-11-28T16:12:41.579224Z 0 [System] [MY-011323] [Server] X Plugin ready for connections. Bind-address: '::' port: 33060, socket: /var/run/mysqld/mysqlx.sock
2024-11-28T16:12:41.579395Z 0 [System] [MY-010931] [Server] /usr/sbin/mysqld: ready for connections. Version: '9.1.0'  socket: '/var/run/mysqld/mysqld.sock'  port: 3306  MySQL Community Server - GPL.
2024-11-28T16:13:10.546257Z 0 [System] [MY-013172] [Server] Received SHUTDOWN from user <via user signal>. Shutting down mysqld (Version: 9.1.0).
2024-11-28T16:13:11.962026Z 0 [System] [MY-010910] [Server] /usr/sbin/mysqld: Shutdown complete (mysqld 9.1.0)  MySQL Community Server - GPL.
2024-11-28T16:13:11.963219Z 0 [System] [MY-015016] [Server] MySQL Server - end.
2024-11-28T16:13:19.225209Z 0 [System] [MY-015015] [Server] MySQL Server - start.
2024-11-28T16:13:19.479280Z 0 [System] [MY-010116] [Server] /usr/sbin/mysqld (mysqld 9.1.0) starting as process 1
2024-11-28T16:13:19.507022Z 1 [System] [MY-013576] [InnoDB] InnoDB initialization has started.
2024-11-28T16:13:19.964469Z 1 [System] [MY-013577] [InnoDB] InnoDB initialization has ended.
2024-11-28T16:13:20.312928Z 0 [Warning] [MY-010068] [Server] CA certificate ca.pem is self signed.
2024-11-28T16:13:20.313410Z 0 [System] [MY-013602] [Server] Channel mysql_main configured to support TLS. Encrypted connections are now supported for this channel.
2024-11-28T16:13:20.317447Z 0 [Warning] [MY-011810] [Server] Insecure configuration for --pid-file: Location '/var/run/mysqld' in the path is accessible to all OS users. Consider choosing a different directory.
2024-11-28T16:13:20.384935Z 0 [System] [MY-011323] [Server] X Plugin ready for connections. Bind-address: '::' port: 33060, socket: /var/run/mysqld/mysqlx.sock
2024-11-28T16:13:20.386104Z 0 [System] [MY-010931] [Server] /usr/sbin/mysqld: ready for connections. Version: '9.1.0'  socket: '/var/run/mysqld/mysqld.sock'  port: 3306  MySQL Community Server - GPL.
2024-11-28T16:19:53.683820Z 0 [System] [MY-013172] [Server] Received SHUTDOWN from user <via user signal>. Shutting down mysqld (Version: 9.1.0).
2024-11-28T16:19:54.734741Z 0 [System] [MY-010910] [Server] /usr/sbin/mysqld: Shutdown complete (mysqld 9.1.0)  MySQL Community Server - GPL.
2024-11-28T16:19:54.739332Z 0 [System] [MY-015016] [Server] MySQL Server - end.
2024-11-29T06:50:07.048435Z 0 [System] [MY-015015] [Server] MySQL Server - start.
2024-11-29T06:50:08.833796Z 0 [System] [MY-010116] [Server] /usr/sbin/mysqld (mysqld 9.1.0) starting as process 1
2024-11-29T06:50:08.928721Z 1 [System] [MY-013576] [InnoDB] InnoDB initialization has started.
2024-11-29T06:50:09.863148Z 1 [System] [MY-013577] [InnoDB] InnoDB initialization has ended.
2024-11-29T06:50:10.574425Z 0 [Warning] [MY-010068] [Server] CA certificate ca.pem is self signed.
2024-11-29T06:50:10.575147Z 0 [System] [MY-013602] [Server] Channel mysql_main configured to support TLS. Encrypted connections are now supported for this channel.
2024-11-29T06:50:10.582230Z 0 [Warning] [MY-011810] [Server] Insecure configuration for --pid-file: Location '/var/run/mysqld' in the path is accessible to all OS users. Consider choosing a different directory.
2024-11-29T06:50:10.694360Z 0 [System] [MY-011323] [Server] X Plugin ready for connections. Bind-address: '::' port: 33060, socket: /var/run/mysqld/mysqlx.sock
2024-11-29T06:50:10.694505Z 0 [System] [MY-010931] [Server] /usr/sbin/mysqld: ready for connections. Version: '9.1.0'  socket: '/var/run/mysqld/mysqld.sock'  port: 3306  MySQL Community Server - GPL.
2024-12-04T01:26:22.208170Z 0 [System] [MY-013172] [Server] Received SHUTDOWN from user <via user signal>. Shutting down mysqld (Version: 9.1.0).
2024-12-04T01:26:24.171960Z 0 [System] [MY-010910] [Server] /usr/sbin/mysqld: Shutdown complete (mysqld 9.1.0)  MySQL Community Server - GPL.
2024-12-04T01:26:24.172681Z 0 [System] [MY-015016] [Server] MySQL Server - end.
2024-12-04T08:23:10.061699Z 0 [System] [MY-015015] [Server] MySQL Server - start.
2024-12-04T08:23:10.810904Z 0 [System] [MY-010116] [Server] /usr/sbin/mysqld (mysqld 9.1.0) starting as process 1
2024-12-04T08:23:10.850662Z 1 [System] [MY-013576] [InnoDB] InnoDB initialization has started.
2024-12-04T08:23:11.561779Z 1 [System] [MY-013577] [InnoDB] InnoDB initialization has ended.
2024-12-04T08:23:12.095425Z 0 [Warning] [MY-010068] [Server] CA certificate ca.pem is self signed.
2024-12-04T08:23:12.096286Z 0 [System] [MY-013602] [Server] Channel mysql_main configured to support TLS. Encrypted connections are now supported for this channel.
2024-12-04T08:23:12.104526Z 0 [Warning] [MY-011810] [Server] Insecure configuration for --pid-file: Location '/var/run/mysqld' in the path is accessible to all OS users. Consider choosing a different directory.
2024-12-04T08:23:12.202015Z 0 [System] [MY-011323] [Server] X Plugin ready for connections. Bind-address: '::' port: 33060, socket: /var/run/mysqld/mysqlx.sock
2024-12-04T08:23:12.202390Z 0 [System] [MY-010931] [Server] /usr/sbin/mysqld: ready for connections. Version: '9.1.0'  socket: '/var/run/mysqld/mysqld.sock'  port: 3306  MySQL Community Server - GPL.
2024-12-08T04:19:44.583142Z 0 [System] [MY-013172] [Server] Received SHUTDOWN from user <via user signal>. Shutting down mysqld (Version: 9.1.0).
2024-12-08T04:19:46.672583Z 0 [Warning] [MY-010909] [Server] /usr/sbin/mysqld: Forcing close of thread 8  user: 'root'.
2024-12-08T04:19:48.647024Z 0 [System] [MY-010910] [Server] /usr/sbin/mysqld: Shutdown complete (mysqld 9.1.0)  MySQL Community Server - GPL.
2024-12-08T04:19:48.647668Z 0 [System] [MY-015016] [Server] MySQL Server - end.
2024-12-08T04:19:59.832862Z 0 [System] [MY-015015] [Server] MySQL Server - start.
2024-12-08T04:20:00.679289Z 0 [System] [MY-010116] [Server] /usr/sbin/mysqld (mysqld 9.1.0) starting as process 1
2024-12-08T04:20:00.723184Z 1 [System] [MY-013576] [InnoDB] InnoDB initialization has started.
2024-12-08T04:20:01.714499Z 1 [System] [MY-013577] [InnoDB] InnoDB initialization has ended.
2024-12-08T04:20:02.268484Z 0 [Warning] [MY-010068] [Server] CA certificate ca.pem is self signed.
2024-12-08T04:20:02.269068Z 0 [System] [MY-013602] [Server] Channel mysql_main configured to support TLS. Encrypted connections are now supported for this channel.
2024-12-08T04:20:02.275710Z 0 [Warning] [MY-011810] [Server] Insecure configuration for --pid-file: Location '/var/run/mysqld' in the path is accessible to all OS users. Consider choosing a different directory.
2024-12-08T04:20:02.356934Z 0 [System] [MY-011323] [Server] X Plugin ready for connections. Bind-address: '::' port: 33060, socket: /var/run/mysqld/mysqlx.sock
2024-12-08T04:20:02.357359Z 0 [System] [MY-010931] [Server] /usr/sbin/mysqld: ready for connections. Version: '9.1.0'  socket: '/var/run/mysqld/mysqld.sock'  port: 3306  MySQL Community Server - GPL.
2024-12-08T07:29:32.378537Z 0 [System] [MY-015015] [Server] MySQL Server - start.
2024-12-08T07:29:33.717910Z 0 [System] [MY-010116] [Server] /usr/sbin/mysqld (mysqld 9.1.0) starting as process 1
2024-12-08T07:29:33.788642Z 1 [System] [MY-013576] [InnoDB] InnoDB initialization has started.
2024-12-08T07:29:35.039188Z 1 [System] [MY-013577] [InnoDB] InnoDB initialization has ended.
2024-12-08T07:29:35.423584Z 0 [System] [MY-010229] [Server] Starting XA crash recovery...
2024-12-08T07:29:35.466408Z 0 [System] [MY-010232] [Server] XA crash recovery finished.
2024-12-08T07:29:35.587124Z 0 [Warning] [MY-010068] [Server] CA certificate ca.pem is self signed.
2024-12-08T07:29:35.587818Z 0 [System] [MY-013602] [Server] Channel mysql_main configured to support TLS. Encrypted connections are now supported for this channel.
2024-12-08T07:29:35.599313Z 0 [Warning] [MY-011810] [Server] Insecure configuration for --pid-file: Location '/var/run/mysqld' in the path is accessible to all OS users. Consider choosing a different directory.
2024-12-08T07:29:35.683933Z 0 [System] [MY-011323] [Server] X Plugin ready for connections. Bind-address: '::' port: 33060, socket: /var/run/mysqld/mysqlx.sock
2024-12-08T07:29:35.684079Z 0 [System] [MY-010931] [Server] /usr/sbin/mysqld: ready for connections. Version: '9.1.0'  socket: '/var/run/mysqld/mysqld.sock'  port: 3306  MySQL Community Server - GPL.
2024-12-08T07:31:39.794873Z 0 [System] [MY-013172] [Server] Received SHUTDOWN from user <via user signal>. Shutting down mysqld (Version: 9.1.0).
2024-12-08T07:31:41.199022Z 0 [System] [MY-010910] [Server] /usr/sbin/mysqld: Shutdown complete (mysqld 9.1.0)  MySQL Community Server - GPL.
2024-12-08T07:31:41.200215Z 0 [System] [MY-015016] [Server] MySQL Server - end.
2024-12-08T07:31:50.880379Z 0 [System] [MY-015015] [Server] MySQL Server - start.
2024-12-08T07:31:51.247814Z 0 [System] [MY-010116] [Server] /usr/sbin/mysqld (mysqld 9.1.0) starting as process 1
2024-12-08T07:31:51.266491Z 1 [System] [MY-013576] [InnoDB] InnoDB initialization has started.
2024-12-08T07:31:51.882112Z 1 [System] [MY-013577] [InnoDB] InnoDB initialization has ended.
2024-12-08T07:31:52.359639Z 0 [Warning] [MY-010068] [Server] CA certificate ca.pem is self signed.
2024-12-08T07:31:52.360082Z 0 [System] [MY-013602] [Server] Channel mysql_main configured to support TLS. Encrypted connections are now supported for this channel.
2024-12-08T07:31:52.363616Z 0 [Warning] [MY-011810] [Server] Insecure configuration for --pid-file: Location '/var/run/mysqld' in the path is accessible to all OS users. Consider choosing a different directory.
2024-12-08T07:31:52.485718Z 0 [System] [MY-011323] [Server] X Plugin ready for connections. Bind-address: '::' port: 33060, socket: /var/run/mysqld/mysqlx.sock
2024-12-08T07:31:52.485924Z 0 [System] [MY-010931] [Server] /usr/sbin/mysqld: ready for connections. Version: '9.1.0'  socket: '/var/run/mysqld/mysqld.sock'  port: 3306  MySQL Community Server - GPL.
2024-12-13T03:03:28.000414Z 0 [System] [MY-013172] [Server] Received SHUTDOWN from user <via user signal>. Shutting down mysqld (Version: 9.1.0).
2024-12-13T03:03:29.810091Z 0 [System] [MY-010910] [Server] /usr/sbin/mysqld: Shutdown complete (mysqld 9.1.0)  MySQL Community Server - GPL.
2024-12-13T03:03:29.813153Z 0 [System] [MY-015016] [Server] MySQL Server - end.
2024-12-13T15:56:21.204570Z 0 [System] [MY-015015] [Server] MySQL Server - start.
2024-12-13T15:56:21.911605Z 0 [System] [MY-010116] [Server] /usr/sbin/mysqld (mysqld 9.1.0) starting as process 1
2024-12-13T15:56:21.951394Z 1 [System] [MY-013576] [InnoDB] InnoDB initialization has started.
2024-12-13T15:56:22.577580Z 1 [System] [MY-013577] [InnoDB] InnoDB initialization has ended.
2024-12-13T15:56:23.399270Z 0 [Warning] [MY-010068] [Server] CA certificate ca.pem is self signed.
2024-12-13T15:56:23.399697Z 0 [System] [MY-013602] [Server] Channel mysql_main configured to support TLS. Encrypted connections are now supported for this channel.
2024-12-13T15:56:23.406504Z 0 [Warning] [MY-011810] [Server] Insecure configuration for --pid-file: Location '/var/run/mysqld' in the path is accessible to all OS users. Consider choosing a different directory.
2024-12-13T15:56:23.493825Z 0 [System] [MY-011323] [Server] X Plugin ready for connections. Bind-address: '::' port: 33060, socket: /var/run/mysqld/mysqlx.sock
2024-12-13T15:56:23.494049Z 0 [System] [MY-010931] [Server] /usr/sbin/mysqld: ready for connections. Version: '9.1.0'  socket: '/var/run/mysqld/mysqld.sock'  port: 3306  MySQL Community Server - GPL.
